have_header: checking for libmtp.h... -------------------- yes

"gcc -o conftest -I/usr/include/ruby-1.9.1/x86_64-linux -I/usr/include/ruby-1.9.1/ruby/backward -I/usr/include/ruby-1.9.1 -I/home/omar/dev/workspace/rubyMTP/ext/device/LibMTPBase -D_FORTIFY_SOURCE=2  -D_FORTIFY_SOURCE=2 -Wall -g -O2 conftest.c  -L. -L/usr/lib -L. -Wl,-Bsymbolic-functions -Wl,-z,relro -rdynamic -Wl,-export-dynamic     -lruby-1.9.1  -lpthread -lrt -ldl -lcrypt -lm   -lc"
checked program was:
/* begin */
1: #include "ruby.h"
2: 
3: int main() {return 0;}
/* end */

"gcc -E -I/usr/include/ruby-1.9.1/x86_64-linux -I/usr/include/ruby-1.9.1/ruby/backward -I/usr/include/ruby-1.9.1 -I/home/omar/dev/workspace/rubyMTP/ext/device/LibMTPBase -D_FORTIFY_SOURCE=2  -D_FORTIFY_SOURCE=2 -Wall -g -O2  conftest.c -o conftest.i"
checked program was:
/* begin */
1: #include "ruby.h"
2: 
3: #include <libmtp.h>
/* end */

--------------------

have_header: checking for usb.h... -------------------- yes

"gcc -E -I/usr/include/ruby-1.9.1/x86_64-linux -I/usr/include/ruby-1.9.1/ruby/backward -I/usr/include/ruby-1.9.1 -I/home/omar/dev/workspace/rubyMTP/ext/device/LibMTPBase -D_FORTIFY_SOURCE=2  -D_FORTIFY_SOURCE=2 -Wall -g -O2  conftest.c -o conftest.i"
checked program was:
/* begin */
1: #include "ruby.h"
2: 
3: #include <usb.h>
/* end */

--------------------

have_library: checking for LIBMTP_Get_First_Device() in -lmtp... -------------------- yes

"gcc -o conftest -I/usr/include/ruby-1.9.1/x86_64-linux -I/usr/include/ruby-1.9.1/ruby/backward -I/usr/include/ruby-1.9.1 -I/home/omar/dev/workspace/rubyMTP/ext/device/LibMTPBase -D_FORTIFY_SOURCE=2  -D_FORTIFY_SOURCE=2 -Wall -g -O2 conftest.c  -L. -L/usr/lib -L. -Wl,-Bsymbolic-functions -Wl,-z,relro -rdynamic -Wl,-export-dynamic     -lruby-1.9.1 -lmtp  -lpthread -lrt -ldl -lcrypt -lm   -lc"
conftest.c: In function ‘t’:
conftest.c:5:53: error: ‘LIBMTP_Get_First_Device’ undeclared (first use in this function)
 int t() { void ((*volatile p)()); p = (void ((*)()))LIBMTP_Get_First_Device; return 0; }
                                                     ^
conftest.c:5:53: note: each undeclared identifier is reported only once for each function it appears in
conftest.c:5:28: warning: variable ‘p’ set but not used [-Wunused-but-set-variable]
 int t() { void ((*volatile p)()); p = (void ((*)()))LIBMTP_Get_First_Device; return 0; }
                            ^
checked program was:
/* begin */
1: #include "ruby.h"
2: 
3: /*top*/
4: int main() {return 0;}
5: int t() { void ((*volatile p)()); p = (void ((*)()))LIBMTP_Get_First_Device; return 0; }
/* end */

"gcc -o conftest -I/usr/include/ruby-1.9.1/x86_64-linux -I/usr/include/ruby-1.9.1/ruby/backward -I/usr/include/ruby-1.9.1 -I/home/omar/dev/workspace/rubyMTP/ext/device/LibMTPBase -D_FORTIFY_SOURCE=2  -D_FORTIFY_SOURCE=2 -Wall -g -O2 conftest.c  -L. -L/usr/lib -L. -Wl,-Bsymbolic-functions -Wl,-z,relro -rdynamic -Wl,-export-dynamic     -lruby-1.9.1 -lmtp  -lpthread -lrt -ldl -lcrypt -lm   -lc"
conftest.c: In function ‘t’:
conftest.c:5:1: warning: implicit declaration of function ‘LIBMTP_Get_First_Device’ [-Wimplicit-function-declaration]
 int t() { LIBMTP_Get_First_Device(); return 0; }
 ^
checked program was:
/* begin */
1: #include "ruby.h"
2: 
3: /*top*/
4: int main() {return 0;}
5: int t() { LIBMTP_Get_First_Device(); return 0; }
/* end */

--------------------

